Using pre-set license

 COMMAND LINE ARGUMENTS:
/Applications/Unity/Hub/Editor/2021.1.7f1/Unity.app/Contents/MacOS/Unity
-adb2
-batchMode
-noUpm
-name
AssetImportWorker0
-projectPath
/Users/Furzy/Library/Mobile Documents/com~apple~CloudDocs/Unity/Fighting
-logFile
Logs/AssetImportWorker0.log
-srvPort
57138
Successfully changed project path to: /Users/Furzy/Library/Mobile Documents/com~apple~CloudDocs/Unity/Fighting
/Users/Furzy/Library/Mobile Documents/com~apple~CloudDocs/Unity/Fighting
Using Asset Import Pipeline V2.
Refreshing native plugins compatible for Editor in 152.63 ms, found 2 plugins.
Preloading 0 native plugins for Editor in 0.00 ms.
Initialize engine version: 2021.1.7f1 (d91830b65d9b)
[Subsystems] Discovering subsystems at path /Applications/Unity/Hub/Editor/2021.1.7f1/Unity.app/Contents/Resources/UnitySubsystems
[Subsystems] Discovering subsystems at path /Users/Furzy/Library/Mobile Documents/com~apple~CloudDocs/Unity/Fighting/Assets
GfxDevice: creating device client; threaded=0; jobified=0
2021-05-27 10:57:51.421 Unity[67078:2203744] Color LCD preferred device: Intel Iris Graphics (low power)
2021-05-27 10:57:51.421 Unity[67078:2203744] Metal devices available: 1
2021-05-27 10:57:51.422 Unity[67078:2203744] 0: Intel Iris Graphics (low power)
2021-05-27 10:57:51.422 Unity[67078:2203744] Using device Intel Iris Graphics (low power)
Initializing Metal device caps: Intel Iris Graphics
Initialize mono
Mono path[0] = '/Applications/Unity/Hub/Editor/2021.1.7f1/Unity.app/Contents/Managed'
Mono path[1] = '/Applications/Unity/Hub/Editor/2021.1.7f1/Unity.app/Contents/MonoBleedingEdge/lib/mono/unityjit'
Mono config path = '/Applications/Unity/Hub/Editor/2021.1.7f1/Unity.app/Contents/MonoBleedingEdge/etc'
Using monoOptions --debugger-agent=transport=dt_socket,embedding=1,server=y,suspend=n,address=127.0.0.1:56078
Begin MonoManager ReloadAssembly
Registering precompiled unity dll's ...
Register platform support module: /Applications/Unity/Hub/Editor/2021.1.7f1/Unity.app/Contents/PlaybackEngines/MacStandaloneSupport/UnityEditor.OSXStandalone.Extensions.dll
Registered in 0.000732 seconds.
Native extension for OSXStandalone target not found
Refreshing native plugins compatible for Editor in 137.65 ms, found 2 plugins.
Preloading 0 native plugins for Editor in 0.00 ms.
Mono: successfully reloaded assembly
- Completed reload, in  3.688 seconds
Platform modules already initialized, skipping
Registering precompiled user dll's ...
Registered in 0.002558 seconds.
Begin MonoManager ReloadAssembly
Symbol file LoadedFromMemory doesn't match image /Users/Furzy/Library/Mobile Documents/com~apple~CloudDocs/Unity/Fighting/Library/PackageCache/com.unity.visualscripting@1.6.1/Editor/VisualScripting.Core/Dependencies/YamlDotNet/Unity.VisualScripting.YamlDotNet.dll
Symbol file LoadedFromMemory doesn't match image /Users/Furzy/Library/Mobile Documents/com~apple~CloudDocs/Unity/Fighting/Library/PackageCache/com.unity.visualscripting@1.6.1/Editor/VisualScripting.Core/Dependencies/DotNetZip/Unity.VisualScripting.IonicZip.dll
Native extension for OSXStandalone target not found
Refreshing native plugins compatible for Editor in 152.04 ms, found 2 plugins.
Preloading 0 native plugins for Editor in 0.00 ms.
Mono: successfully reloaded assembly
- Completed reload, in  1.997 seconds
Platform modules already initialized, skipping
========================================================================
Worker process is ready to serve import requests
Launching external process: /Applications/Unity/Hub/Editor/2021.1.7f1/Unity.app/Contents/Tools/UnityShaderCompiler
Launched and connected shader compiler UnityShaderCompiler after 0.02 seconds
Refreshing native plugins compatible for Editor in 1.25 ms, found 2 plugins.
Preloading 0 native plugins for Editor in 0.00 ms.
Unloading 3371 Unused Serialized files (Serialized files now loaded: 0)
System memory in use before: 203.1 MB.
System memory in use after: 203.2 MB.

Unloading 28 unused Assets to reduce memory usage. Loaded Objects now: 3824.
Total: 4.389189 ms (FindLiveObjects: 0.428795 ms CreateObjectMapping: 0.377553 ms MarkObjects: 3.436439 ms  DeleteObjects: 0.144895 ms)

========================================================================
Received Import Request.
  path: Assets/Animations/Takuma/Takuma_IDLE.anim
  artifactKey: Guid(1c89d9db2bdbd4de1b3d060bfeec508b) Importer(815301076,1909f56bfc062723c751e8b465ee728b)
Start importing Assets/Animations/Takuma/Takuma_IDLE.anim using Guid(1c89d9db2bdbd4de1b3d060bfeec508b) Importer(815301076,1909f56bfc062723c751e8b465ee728b)  -> (artifact id: '2bc42f0c6171dde2665744352bd3e83c') in 1.701929 seconds 
========================================================================
Received Import Request.
  Time since last request: 0.000816 seconds.
  path: Assets/Animations/Takuma
  artifactKey: Guid(089fc973408b5496c9765270332f303e) Importer(815301076,1909f56bfc062723c751e8b465ee728b)
Start importing Assets/Animations/Takuma using Guid(089fc973408b5496c9765270332f303e) Importer(815301076,1909f56bfc062723c751e8b465ee728b)  -> (artifact id: '8efdf5458df45393bb0b4d6e46d68ab0') in 0.002907 seconds 
========================================================================
Received Import Request.
  Time since last request: 2.684351 seconds.
  path: Assets/SpriteSheets/Stages
  artifactKey: Guid(e55ad83a63be1477084ee57b38aefd1a) Importer(815301076,1909f56bfc062723c751e8b465ee728b)
Start importing Assets/SpriteSheets/Stages using Guid(e55ad83a63be1477084ee57b38aefd1a) Importer(815301076,1909f56bfc062723c751e8b465ee728b)  -> (artifact id: '947f762ec56c8e5b60ba2689a0241384') in 0.001993 seconds 
========================================================================
Received Import Request.
  Time since last request: 0.895320 seconds.
  path: Assets/SpriteSheets/Stages/Stage_Dojo.png
  artifactKey: Guid(070aaf0f0eda94dc2ad5c618185d63b6) Importer(815301076,1909f56bfc062723c751e8b465ee728b)
Start importing Assets/SpriteSheets/Stages/Stage_Dojo.png using Guid(070aaf0f0eda94dc2ad5c618185d63b6) Importer(815301076,1909f56bfc062723c751e8b465ee728b)  -> (artifact id: 'f931486fe7472b82f9d739214c437bcb') in 0.650353 seconds 
========================================================================
Received Import Request.
  Time since last request: 4.394158 seconds.
  path: Assets/SpriteSheets/Characters/Takuma
  artifactKey: Guid(0a5448e76b56f4b569d7350ec8be677b) Importer(815301076,1909f56bfc062723c751e8b465ee728b)
Start importing Assets/SpriteSheets/Characters/Takuma using Guid(0a5448e76b56f4b569d7350ec8be677b) Importer(815301076,1909f56bfc062723c751e8b465ee728b)  -> (artifact id: '3db02f877b25734ee64a5ab6132f0735') in 0.001951 seconds 
========================================================================
Received Import Request.
  Time since last request: 24.686028 seconds.
  path: Assets/SpriteSheets/Characters/Takuma/Takuma_IDLE.png
  artifactKey: Guid(20ada4658e2bd4dcab14292e3e538b2e) Importer(815301076,1909f56bfc062723c751e8b465ee728b)
Start importing Assets/SpriteSheets/Characters/Takuma/Takuma_IDLE.png using Guid(20ada4658e2bd4dcab14292e3e538b2e) Importer(815301076,1909f56bfc062723c751e8b465ee728b)  -> (artifact id: 'a38965fc302acdba5327972b8d94e4e2') in 0.146367 seconds 
========================================================================
Received Import Request.
  Time since last request: 13.092502 seconds.
  path: Assets/SpriteSheets/Characters/Takuma/Takuma_IDLE.png
  artifactKey: Guid(20ada4658e2bd4dcab14292e3e538b2e) Importer(815301076,1909f56bfc062723c751e8b465ee728b)
Start importing Assets/SpriteSheets/Characters/Takuma/Takuma_IDLE.png using Guid(20ada4658e2bd4dcab14292e3e538b2e) Importer(815301076,1909f56bfc062723c751e8b465ee728b)  -> (artifact id: '60a5a1a4f3447efaf1a00b2b9beb8bc4') in 0.167537 seconds 
========================================================================
Received Import Request.
  Time since last request: 6.605834 seconds.
  path: Assets/SpriteSheets/Characters/Takuma/Takuma_IDLE.png
  artifactKey: Guid(20ada4658e2bd4dcab14292e3e538b2e) Importer(815301076,1909f56bfc062723c751e8b465ee728b)
Start importing Assets/SpriteSheets/Characters/Takuma/Takuma_IDLE.png using Guid(20ada4658e2bd4dcab14292e3e538b2e) Importer(815301076,1909f56bfc062723c751e8b465ee728b)  -> (artifact id: 'f626d9c67042ace3fd598eb2bbd227f7') in 0.160882 seconds 
========================================================================
Received Import Request.
  Time since last request: 169.412957 seconds.
  path: Assets/SpriteSheets/Characters/Takuma/Takuma_IDLE.png
  artifactKey: Guid(20ada4658e2bd4dcab14292e3e538b2e) Importer(815301076,1909f56bfc062723c751e8b465ee728b)
Start importing Assets/SpriteSheets/Characters/Takuma/Takuma_IDLE.png using Guid(20ada4658e2bd4dcab14292e3e538b2e) Importer(815301076,1909f56bfc062723c751e8b465ee728b)  -> (artifact id: '39e35f424bcde1df4d861a2688e63b87') in 0.205466 seconds 
========================================================================
Received Import Request.
  Time since last request: 24.175403 seconds.
  path: Assets/SpriteSheets/Characters/Takuma/Takuma_IDLE.png
  artifactKey: Guid(20ada4658e2bd4dcab14292e3e538b2e) Importer(815301076,1909f56bfc062723c751e8b465ee728b)
Start importing Assets/SpriteSheets/Characters/Takuma/Takuma_IDLE.png using Guid(20ada4658e2bd4dcab14292e3e538b2e) Importer(815301076,1909f56bfc062723c751e8b465ee728b)  -> (artifact id: 'ff5394002a2e44b0d80bf60c50a81c46') in 0.231317 seconds 
========================================================================
Received Import Request.
  Time since last request: 18.985919 seconds.
  path: Assets/SpriteSheets/Characters/Takuma/Takuma_IDLE.png
  artifactKey: Guid(20ada4658e2bd4dcab14292e3e538b2e) Importer(815301076,1909f56bfc062723c751e8b465ee728b)
Start importing Assets/SpriteSheets/Characters/Takuma/Takuma_IDLE.png using Guid(20ada4658e2bd4dcab14292e3e538b2e) Importer(815301076,1909f56bfc062723c751e8b465ee728b)  -> (artifact id: 'e7e071bd27bff152009e9cb82bf1b65a') in 0.219415 seconds 
========================================================================
Received Import Request.
  Time since last request: 52.701817 seconds.
  path: Assets/SpriteSheets/Characters/Takuma/Takuma_IDLE.png
  artifactKey: Guid(20ada4658e2bd4dcab14292e3e538b2e) Importer(815301076,1909f56bfc062723c751e8b465ee728b)
Start importing Assets/SpriteSheets/Characters/Takuma/Takuma_IDLE.png using Guid(20ada4658e2bd4dcab14292e3e538b2e) Importer(815301076,1909f56bfc062723c751e8b465ee728b)  -> (artifact id: '452e6e93fe53dde9b5c551b201dd434d') in 0.210145 seconds 
========================================================================
Received Import Request.
  Time since last request: 6.112270 seconds.
  path: Assets/SpriteSheets/Characters/Takuma/Takuma_IDLE.png
  artifactKey: Guid(20ada4658e2bd4dcab14292e3e538b2e) Importer(815301076,1909f56bfc062723c751e8b465ee728b)
Start importing Assets/SpriteSheets/Characters/Takuma/Takuma_IDLE.png using Guid(20ada4658e2bd4dcab14292e3e538b2e) Importer(815301076,1909f56bfc062723c751e8b465ee728b)  -> (artifact id: 'fe4acf0263a965bc0d8995874ffd37a6') in 0.299169 seconds 
========================================================================
Received Import Request.
  Time since last request: 7.551136 seconds.
  path: Assets/SpriteSheets/Characters/Takuma/Takuma_IDLE.png
  artifactKey: Guid(20ada4658e2bd4dcab14292e3e538b2e) Importer(815301076,1909f56bfc062723c751e8b465ee728b)
Start importing Assets/SpriteSheets/Characters/Takuma/Takuma_IDLE.png using Guid(20ada4658e2bd4dcab14292e3e538b2e) Importer(815301076,1909f56bfc062723c751e8b465ee728b)  -> (artifact id: '49bdd1cd5b4d5e028b7500ad2dbf4cab') in 0.224164 seconds 
========================================================================
Received Import Request.
  Time since last request: 8.278259 seconds.
  path: Assets/SpriteSheets/Characters/Takuma/Takuma_IDLE.png
  artifactKey: Guid(20ada4658e2bd4dcab14292e3e538b2e) Importer(815301076,1909f56bfc062723c751e8b465ee728b)
Start importing Assets/SpriteSheets/Characters/Takuma/Takuma_IDLE.png using Guid(20ada4658e2bd4dcab14292e3e538b2e) Importer(815301076,1909f56bfc062723c751e8b465ee728b)  -> (artifact id: '32d743270c0d911806c19a401020d75d') in 0.199431 seconds 
========================================================================
Received Import Request.
  Time since last request: 5.932510 seconds.
  path: Assets/SpriteSheets/Characters/Takuma/Takuma_IDLE.png
  artifactKey: Guid(20ada4658e2bd4dcab14292e3e538b2e) Importer(815301076,1909f56bfc062723c751e8b465ee728b)
Start importing Assets/SpriteSheets/Characters/Takuma/Takuma_IDLE.png using Guid(20ada4658e2bd4dcab14292e3e538b2e) Importer(815301076,1909f56bfc062723c751e8b465ee728b)  -> (artifact id: '495335dc26132a31a63d8be573c2a01f') in 0.216830 seconds 
========================================================================
Received Prepare
Registering precompiled user dll's ...
Registered in 0.002034 seconds.
Begin MonoManager ReloadAssembly
Symbol file LoadedFromMemory doesn't match image /Users/Furzy/Library/Mobile Documents/com~apple~CloudDocs/Unity/Fighting/Library/PackageCache/com.unity.visualscripting@1.6.1/Editor/VisualScripting.Core/Dependencies/YamlDotNet/Unity.VisualScripting.YamlDotNet.dll
Symbol file LoadedFromMemory doesn't match image /Users/Furzy/Library/Mobile Documents/com~apple~CloudDocs/Unity/Fighting/Library/PackageCache/com.unity.visualscripting@1.6.1/Editor/VisualScripting.Core/Dependencies/DotNetZip/Unity.VisualScripting.IonicZip.dll
Native extension for OSXStandalone target not found
Refreshing native plugins compatible for Editor in 0.86 ms, found 2 plugins.
Preloading 0 native plugins for Editor in 0.00 ms.
Mono: successfully reloaded assembly
- Completed reload, in  1.890 seconds
Platform modules already initialized, skipping
Refreshing native plugins compatible for Editor in 0.81 ms, found 2 plugins.
Preloading 0 native plugins for Editor in 0.00 ms.
Unloading 3368 Unused Serialized files (Serialized files now loaded: 0)
System memory in use before: 231.3 MB.
System memory in use after: 231.4 MB.

Unloading 16 unused Assets to reduce memory usage. Loaded Objects now: 4007.
Total: 6.318460 ms (FindLiveObjects: 0.637431 ms CreateObjectMapping: 0.379841 ms MarkObjects: 5.139075 ms  DeleteObjects: 0.160160 ms)

========================================================================
Received Prepare
Registering precompiled user dll's ...
Registered in 0.002033 seconds.
Begin MonoManager ReloadAssembly
Symbol file LoadedFromMemory doesn't match image /Users/Furzy/Library/Mobile Documents/com~apple~CloudDocs/Unity/Fighting/Library/PackageCache/com.unity.visualscripting@1.6.1/Editor/VisualScripting.Core/Dependencies/YamlDotNet/Unity.VisualScripting.YamlDotNet.dll
Symbol file LoadedFromMemory doesn't match image /Users/Furzy/Library/Mobile Documents/com~apple~CloudDocs/Unity/Fighting/Library/PackageCache/com.unity.visualscripting@1.6.1/Editor/VisualScripting.Core/Dependencies/DotNetZip/Unity.VisualScripting.IonicZip.dll
Native extension for OSXStandalone target not found
Refreshing native plugins compatible for Editor in 0.71 ms, found 2 plugins.
Preloading 0 native plugins for Editor in 0.00 ms.
Mono: successfully reloaded assembly
- Completed reload, in  1.974 seconds
Platform modules already initialized, skipping
Refreshing native plugins compatible for Editor in 0.80 ms, found 2 plugins.
Preloading 0 native plugins for Editor in 0.00 ms.
Unloading 3366 Unused Serialized files (Serialized files now loaded: 0)
System memory in use before: 231.5 MB.
System memory in use after: 231.6 MB.

Unloading 16 unused Assets to reduce memory usage. Loaded Objects now: 4011.
Total: 3.537081 ms (FindLiveObjects: 0.304794 ms CreateObjectMapping: 0.165919 ms MarkObjects: 2.941646 ms  DeleteObjects: 0.123261 ms)

========================================================================
Received Prepare
Registering precompiled user dll's ...
Registered in 0.002021 seconds.
Begin MonoManager ReloadAssembly
Symbol file LoadedFromMemory doesn't match image /Users/Furzy/Library/Mobile Documents/com~apple~CloudDocs/Unity/Fighting/Library/PackageCache/com.unity.visualscripting@1.6.1/Editor/VisualScripting.Core/Dependencies/YamlDotNet/Unity.VisualScripting.YamlDotNet.dll
Symbol file LoadedFromMemory doesn't match image /Users/Furzy/Library/Mobile Documents/com~apple~CloudDocs/Unity/Fighting/Library/PackageCache/com.unity.visualscripting@1.6.1/Editor/VisualScripting.Core/Dependencies/DotNetZip/Unity.VisualScripting.IonicZip.dll
Native extension for OSXStandalone target not found
Refreshing native plugins compatible for Editor in 1.40 ms, found 2 plugins.
Preloading 0 native plugins for Editor in 0.00 ms.
Mono: successfully reloaded assembly
- Completed reload, in  1.757 seconds
Platform modules already initialized, skipping
Refreshing native plugins compatible for Editor in 0.98 ms, found 2 plugins.
Preloading 0 native plugins for Editor in 0.00 ms.
Unloading 3366 Unused Serialized files (Serialized files now loaded: 0)
System memory in use before: 231.7 MB.
System memory in use after: 231.8 MB.

Unloading 16 unused Assets to reduce memory usage. Loaded Objects now: 4015.
Total: 5.966305 ms (FindLiveObjects: 0.569566 ms CreateObjectMapping: 0.318405 ms MarkObjects: 4.910432 ms  DeleteObjects: 0.166024 ms)

========================================================================
Received Prepare
Registering precompiled user dll's ...
Registered in 0.003584 seconds.
Begin MonoManager ReloadAssembly
Symbol file LoadedFromMemory doesn't match image /Users/Furzy/Library/Mobile Documents/com~apple~CloudDocs/Unity/Fighting/Library/PackageCache/com.unity.visualscripting@1.6.1/Editor/VisualScripting.Core/Dependencies/YamlDotNet/Unity.VisualScripting.YamlDotNet.dll
Symbol file LoadedFromMemory doesn't match image /Users/Furzy/Library/Mobile Documents/com~apple~CloudDocs/Unity/Fighting/Library/PackageCache/com.unity.visualscripting@1.6.1/Editor/VisualScripting.Core/Dependencies/DotNetZip/Unity.VisualScripting.IonicZip.dll
Native extension for OSXStandalone target not found
Refreshing native plugins compatible for Editor in 0.71 ms, found 2 plugins.
Preloading 0 native plugins for Editor in 0.00 ms.
Mono: successfully reloaded assembly
- Completed reload, in  1.679 seconds
Platform modules already initialized, skipping
Refreshing native plugins compatible for Editor in 0.68 ms, found 2 plugins.
Preloading 0 native plugins for Editor in 0.00 ms.
Unloading 3366 Unused Serialized files (Serialized files now loaded: 0)
System memory in use before: 231.9 MB.
System memory in use after: 232.0 MB.

Unloading 16 unused Assets to reduce memory usage. Loaded Objects now: 4019.
Total: 3.381080 ms (FindLiveObjects: 0.305474 ms CreateObjectMapping: 0.201247 ms MarkObjects: 2.755431 ms  DeleteObjects: 0.117494 ms)

========================================================================
Received Prepare
Registering precompiled user dll's ...
Registered in 0.002468 seconds.
Begin MonoManager ReloadAssembly
Symbol file LoadedFromMemory doesn't match image /Users/Furzy/Library/Mobile Documents/com~apple~CloudDocs/Unity/Fighting/Library/PackageCache/com.unity.visualscripting@1.6.1/Editor/VisualScripting.Core/Dependencies/YamlDotNet/Unity.VisualScripting.YamlDotNet.dll
Symbol file LoadedFromMemory doesn't match image /Users/Furzy/Library/Mobile Documents/com~apple~CloudDocs/Unity/Fighting/Library/PackageCache/com.unity.visualscripting@1.6.1/Editor/VisualScripting.Core/Dependencies/DotNetZip/Unity.VisualScripting.IonicZip.dll
Native extension for OSXStandalone target not found
Refreshing native plugins compatible for Editor in 0.75 ms, found 2 plugins.
Preloading 0 native plugins for Editor in 0.00 ms.
Mono: successfully reloaded assembly
- Completed reload, in  1.887 seconds
Platform modules already initialized, skipping
Refreshing native plugins compatible for Editor in 0.81 ms, found 2 plugins.
Preloading 0 native plugins for Editor in 0.00 ms.
Unloading 3366 Unused Serialized files (Serialized files now loaded: 0)
System memory in use before: 232.1 MB.
System memory in use after: 232.3 MB.

Unloading 16 unused Assets to reduce memory usage. Loaded Objects now: 4023.
Total: 4.130368 ms (FindLiveObjects: 0.462031 ms CreateObjectMapping: 0.382744 ms MarkObjects: 3.164799 ms  DeleteObjects: 0.119497 ms)

========================================================================
Received Prepare
Registering precompiled user dll's ...
Registered in 0.001989 seconds.
Begin MonoManager ReloadAssembly
Symbol file LoadedFromMemory doesn't match image /Users/Furzy/Library/Mobile Documents/com~apple~CloudDocs/Unity/Fighting/Library/PackageCache/com.unity.visualscripting@1.6.1/Editor/VisualScripting.Core/Dependencies/YamlDotNet/Unity.VisualScripting.YamlDotNet.dll
Symbol file LoadedFromMemory doesn't match image /Users/Furzy/Library/Mobile Documents/com~apple~CloudDocs/Unity/Fighting/Library/PackageCache/com.unity.visualscripting@1.6.1/Editor/VisualScripting.Core/Dependencies/DotNetZip/Unity.VisualScripting.IonicZip.dll
Native extension for OSXStandalone target not found
Refreshing native plugins compatible for Editor in 0.70 ms, found 2 plugins.
Preloading 0 native plugins for Editor in 0.00 ms.
Mono: successfully reloaded assembly
- Completed reload, in  1.913 seconds
Platform modules already initialized, skipping
Refreshing native plugins compatible for Editor in 0.79 ms, found 2 plugins.
Preloading 0 native plugins for Editor in 0.00 ms.
Unloading 3366 Unused Serialized files (Serialized files now loaded: 0)
System memory in use before: 232.4 MB.
System memory in use after: 232.5 MB.

Unloading 16 unused Assets to reduce memory usage. Loaded Objects now: 4027.
Total: 4.376087 ms (FindLiveObjects: 0.451949 ms CreateObjectMapping: 0.371030 ms MarkObjects: 3.417375 ms  DeleteObjects: 0.134416 ms)

========================================================================
Received Import Request.
  Time since last request: 498.026549 seconds.
  path: Assets/Animations/Takuma/Player.controller
  artifactKey: Guid(b0dfbbf4e8d364642a1da7b051348ec5) Importer(815301076,1909f56bfc062723c751e8b465ee728b)
Start importing Assets/Animations/Takuma/Player.controller using Guid(b0dfbbf4e8d364642a1da7b051348ec5) Importer(815301076,1909f56bfc062723c751e8b465ee728b)  -> (artifact id: 'dd97331911a3e536b0878dfb736787d5') in 0.445507 seconds 
========================================================================
Received Prepare
Registering precompiled user dll's ...
Registered in 0.003132 seconds.
Begin MonoManager ReloadAssembly
Symbol file LoadedFromMemory doesn't match image /Users/Furzy/Library/Mobile Documents/com~apple~CloudDocs/Unity/Fighting/Library/PackageCache/com.unity.visualscripting@1.6.1/Editor/VisualScripting.Core/Dependencies/YamlDotNet/Unity.VisualScripting.YamlDotNet.dll
Symbol file LoadedFromMemory doesn't match image /Users/Furzy/Library/Mobile Documents/com~apple~CloudDocs/Unity/Fighting/Library/PackageCache/com.unity.visualscripting@1.6.1/Editor/VisualScripting.Core/Dependencies/DotNetZip/Unity.VisualScripting.IonicZip.dll
Native extension for OSXStandalone target not found
Refreshing native plugins compatible for Editor in 0.81 ms, found 2 plugins.
Preloading 0 native plugins for Editor in 0.00 ms.
Mono: successfully reloaded assembly
- Completed reload, in  1.789 seconds
Platform modules already initialized, skipping
Refreshing native plugins compatible for Editor in 1.51 ms, found 2 plugins.
Preloading 0 native plugins for Editor in 0.00 ms.
Unloading 3366 Unused Serialized files (Serialized files now loaded: 0)
System memory in use before: 236.9 MB.
System memory in use after: 237.0 MB.

Unloading 16 unused Assets to reduce memory usage. Loaded Objects now: 4031.
Total: 3.570768 ms (FindLiveObjects: 0.315631 ms CreateObjectMapping: 0.170369 ms MarkObjects: 2.956157 ms  DeleteObjects: 0.127159 ms)

========================================================================
Received Import Request.
  Time since last request: 67.590877 seconds.
  path: Assets/SpriteSheets/Characters
  artifactKey: Guid(3ed24553023d44019930c91ee4832a98) Importer(815301076,1909f56bfc062723c751e8b465ee728b)
Start importing Assets/SpriteSheets/Characters using Guid(3ed24553023d44019930c91ee4832a98) Importer(815301076,1909f56bfc062723c751e8b465ee728b)  -> (artifact id: 'c089f423c7601220001786f43262faa4') in 0.013248 seconds 
========================================================================
Received Import Request.
  Time since last request: 134.865557 seconds.
  path: Assets/SpriteSheets/Stages/Stage_Dojo.png
  artifactKey: Guid(070aaf0f0eda94dc2ad5c618185d63b6) Importer(815301076,1909f56bfc062723c751e8b465ee728b)
Start importing Assets/SpriteSheets/Stages/Stage_Dojo.png using Guid(070aaf0f0eda94dc2ad5c618185d63b6) Importer(815301076,1909f56bfc062723c751e8b465ee728b)  -> (artifact id: '50282aa13809828deda10142b6bafd55') in 0.085457 seconds 
========================================================================
Received Import Request.
  Time since last request: 6.938893 seconds.
  path: Assets/SpriteSheets/Stages/Stage_Dojo.png
  artifactKey: Guid(070aaf0f0eda94dc2ad5c618185d63b6) Importer(815301076,1909f56bfc062723c751e8b465ee728b)
Start importing Assets/SpriteSheets/Stages/Stage_Dojo.png using Guid(070aaf0f0eda94dc2ad5c618185d63b6) Importer(815301076,1909f56bfc062723c751e8b465ee728b)  -> (artifact id: '069761fc754dd0b880aabd8cd5426ac0') in 0.030640 seconds 
========================================================================
Received Import Request.
  Time since last request: 10.210381 seconds.
  path: Assets/SpriteSheets/Stages/Stage_Dojo.png
  artifactKey: Guid(070aaf0f0eda94dc2ad5c618185d63b6) Importer(815301076,1909f56bfc062723c751e8b465ee728b)
Start importing Assets/SpriteSheets/Stages/Stage_Dojo.png using Guid(070aaf0f0eda94dc2ad5c618185d63b6) Importer(815301076,1909f56bfc062723c751e8b465ee728b)  -> (artifact id: 'aab4a32479925625cd834f4c87c38da4') in 0.027151 seconds 
========================================================================
Received Import Request.
  Time since last request: 26.025498 seconds.
  path: Assets/SpriteSheets/Stages/Stage_Dojo.png
  artifactKey: Guid(070aaf0f0eda94dc2ad5c618185d63b6) Importer(815301076,1909f56bfc062723c751e8b465ee728b)
Start importing Assets/SpriteSheets/Stages/Stage_Dojo.png using Guid(070aaf0f0eda94dc2ad5c618185d63b6) Importer(815301076,1909f56bfc062723c751e8b465ee728b)  -> (artifact id: '16b66f56152fa18ffe7f309d8687b175') in 0.025202 seconds 
========================================================================
Received Import Request.
  Time since last request: 59.287450 seconds.
  path: Assets/SpriteSheets/Stages/Stage_Dojo.png
  artifactKey: Guid(070aaf0f0eda94dc2ad5c618185d63b6) Importer(815301076,1909f56bfc062723c751e8b465ee728b)
Start importing Assets/SpriteSheets/Stages/Stage_Dojo.png using Guid(070aaf0f0eda94dc2ad5c618185d63b6) Importer(815301076,1909f56bfc062723c751e8b465ee728b)  -> (artifact id: '3b57967e58902621fa35107bd82550b2') in 0.047111 seconds 
========================================================================
Received Import Request.
  Time since last request: 7.915937 seconds.
  path: Assets/SpriteSheets/Stages/Stage_Dojo.png
  artifactKey: Guid(070aaf0f0eda94dc2ad5c618185d63b6) Importer(815301076,1909f56bfc062723c751e8b465ee728b)
Start importing Assets/SpriteSheets/Stages/Stage_Dojo.png using Guid(070aaf0f0eda94dc2ad5c618185d63b6) Importer(815301076,1909f56bfc062723c751e8b465ee728b)  -> (artifact id: '905e599d2182ee8f2fbec56b9d62ebeb') in 0.038834 seconds 
========================================================================
Received Import Request.
  Time since last request: 6.659905 seconds.
  path: Assets/SpriteSheets/Stages/Stage_Dojo.png
  artifactKey: Guid(070aaf0f0eda94dc2ad5c618185d63b6) Importer(815301076,1909f56bfc062723c751e8b465ee728b)
Start importing Assets/SpriteSheets/Stages/Stage_Dojo.png using Guid(070aaf0f0eda94dc2ad5c618185d63b6) Importer(815301076,1909f56bfc062723c751e8b465ee728b)  -> (artifact id: 'fa12c91572c2a74436d8a8485e78bf43') in 0.026349 seconds 
========================================================================
Received Import Request.
  Time since last request: 9.469145 seconds.
  path: Assets/SpriteSheets/Stages/Stage_Dojo.png
  artifactKey: Guid(070aaf0f0eda94dc2ad5c618185d63b6) Importer(815301076,1909f56bfc062723c751e8b465ee728b)
Start importing Assets/SpriteSheets/Stages/Stage_Dojo.png using Guid(070aaf0f0eda94dc2ad5c618185d63b6) Importer(815301076,1909f56bfc062723c751e8b465ee728b)  -> (artifact id: '312cfc184785afe9b2c1458d95ae14bf') in 0.036719 seconds 
========================================================================
Received Prepare
Registering precompiled user dll's ...
Registered in 0.002565 seconds.
Begin MonoManager ReloadAssembly
Symbol file LoadedFromMemory doesn't match image /Users/Furzy/Library/Mobile Documents/com~apple~CloudDocs/Unity/Fighting/Library/PackageCache/com.unity.visualscripting@1.6.1/Editor/VisualScripting.Core/Dependencies/YamlDotNet/Unity.VisualScripting.YamlDotNet.dll
Symbol file LoadedFromMemory doesn't match image /Users/Furzy/Library/Mobile Documents/com~apple~CloudDocs/Unity/Fighting/Library/PackageCache/com.unity.visualscripting@1.6.1/Editor/VisualScripting.Core/Dependencies/DotNetZip/Unity.VisualScripting.IonicZip.dll
Native extension for OSXStandalone target not found
Refreshing native plugins compatible for Editor in 0.92 ms, found 2 plugins.
Preloading 0 native plugins for Editor in 0.00 ms.
Mono: successfully reloaded assembly
- Completed reload, in  1.989 seconds
Platform modules already initialized, skipping
Refreshing native plugins compatible for Editor in 0.69 ms, found 2 plugins.
Preloading 0 native plugins for Editor in 0.00 ms.
Unloading 3366 Unused Serialized files (Serialized files now loaded: 0)
System memory in use before: 240.4 MB.
System memory in use after: 240.5 MB.

Unloading 16 unused Assets to reduce memory usage. Loaded Objects now: 4148.
Total: 3.716056 ms (FindLiveObjects: 0.320163 ms CreateObjectMapping: 0.171214 ms MarkObjects: 3.099008 ms  DeleteObjects: 0.124327 ms)

========================================================================
Received Import Request.
  Time since last request: 139.036893 seconds.
  path: Assets/SpriteSheets/Stages/Stage_Dojo.png
  artifactKey: Guid(070aaf0f0eda94dc2ad5c618185d63b6) Importer(815301076,1909f56bfc062723c751e8b465ee728b)
Start importing Assets/SpriteSheets/Stages/Stage_Dojo.png using Guid(070aaf0f0eda94dc2ad5c618185d63b6) Importer(815301076,1909f56bfc062723c751e8b465ee728b)  -> (artifact id: '053c4bd47fd13e9b01a8dd5a03bc5996') in 0.132719 seconds 
========================================================================
Received Prepare
Registering precompiled user dll's ...
Registered in 0.002176 seconds.
Begin MonoManager ReloadAssembly
Symbol file LoadedFromMemory doesn't match image /Users/Furzy/Library/Mobile Documents/com~apple~CloudDocs/Unity/Fighting/Library/PackageCache/com.unity.visualscripting@1.6.1/Editor/VisualScripting.Core/Dependencies/YamlDotNet/Unity.VisualScripting.YamlDotNet.dll
Symbol file LoadedFromMemory doesn't match image /Users/Furzy/Library/Mobile Documents/com~apple~CloudDocs/Unity/Fighting/Library/PackageCache/com.unity.visualscripting@1.6.1/Editor/VisualScripting.Core/Dependencies/DotNetZip/Unity.VisualScripting.IonicZip.dll
Native extension for OSXStandalone target not found
Refreshing native plugins compatible for Editor in 0.85 ms, found 2 plugins.
Preloading 0 native plugins for Editor in 0.00 ms.
Mono: successfully reloaded assembly
- Completed reload, in  1.832 seconds
Platform modules already initialized, skipping
Refreshing native plugins compatible for Editor in 0.76 ms, found 2 plugins.
Preloading 0 native plugins for Editor in 0.00 ms.
Unloading 3366 Unused Serialized files (Serialized files now loaded: 0)
System memory in use before: 241.0 MB.
System memory in use after: 241.2 MB.

Unloading 16 unused Assets to reduce memory usage. Loaded Objects now: 4167.
Total: 4.050437 ms (FindLiveObjects: 0.539889 ms CreateObjectMapping: 0.334437 ms MarkObjects: 3.049748 ms  DeleteObjects: 0.125119 ms)

========================================================================
Received Prepare
Registering precompiled user dll's ...
Registered in 0.002367 seconds.
Begin MonoManager ReloadAssembly
Symbol file LoadedFromMemory doesn't match image /Users/Furzy/Library/Mobile Documents/com~apple~CloudDocs/Unity/Fighting/Library/PackageCache/com.unity.visualscripting@1.6.1/Editor/VisualScripting.Core/Dependencies/YamlDotNet/Unity.VisualScripting.YamlDotNet.dll
Symbol file LoadedFromMemory doesn't match image /Users/Furzy/Library/Mobile Documents/com~apple~CloudDocs/Unity/Fighting/Library/PackageCache/com.unity.visualscripting@1.6.1/Editor/VisualScripting.Core/Dependencies/DotNetZip/Unity.VisualScripting.IonicZip.dll
Native extension for OSXStandalone target not found
Refreshing native plugins compatible for Editor in 1.77 ms, found 2 plugins.
Preloading 0 native plugins for Editor in 0.00 ms.
Mono: successfully reloaded assembly
- Completed reload, in  2.062 seconds
Platform modules already initialized, skipping
Refreshing native plugins compatible for Editor in 0.68 ms, found 2 plugins.
Preloading 0 native plugins for Editor in 0.00 ms.
Unloading 3366 Unused Serialized files (Serialized files now loaded: 0)
System memory in use before: 241.3 MB.
System memory in use after: 241.4 MB.

Unloading 16 unused Assets to reduce memory usage. Loaded Objects now: 4171.
Total: 4.289168 ms (FindLiveObjects: 0.475539 ms CreateObjectMapping: 0.442413 ms MarkObjects: 3.245147 ms  DeleteObjects: 0.124626 ms)

========================================================================
Received Prepare
Registering precompiled user dll's ...
Registered in 0.006081 seconds.
Begin MonoManager ReloadAssembly
Symbol file LoadedFromMemory doesn't match image /Users/Furzy/Library/Mobile Documents/com~apple~CloudDocs/Unity/Fighting/Library/PackageCache/com.unity.visualscripting@1.6.1/Editor/VisualScripting.Core/Dependencies/YamlDotNet/Unity.VisualScripting.YamlDotNet.dll
Symbol file LoadedFromMemory doesn't match image /Users/Furzy/Library/Mobile Documents/com~apple~CloudDocs/Unity/Fighting/Library/PackageCache/com.unity.visualscripting@1.6.1/Editor/VisualScripting.Core/Dependencies/DotNetZip/Unity.VisualScripting.IonicZip.dll
Native extension for OSXStandalone target not found
Refreshing native plugins compatible for Editor in 1.30 ms, found 2 plugins.
Preloading 0 native plugins for Editor in 0.00 ms.
Mono: successfully reloaded assembly
- Completed reload, in  3.375 seconds
Platform modules already initialized, skipping
Refreshing native plugins compatible for Editor in 0.77 ms, found 2 plugins.
Preloading 0 native plugins for Editor in 0.00 ms.
Unloading 3366 Unused Serialized files (Serialized files now loaded: 0)
System memory in use before: 241.5 MB.
System memory in use after: 241.6 MB.

Unloading 16 unused Assets to reduce memory usage. Loaded Objects now: 4175.
Total: 3.978836 ms (FindLiveObjects: 0.340423 ms CreateObjectMapping: 0.168833 ms MarkObjects: 3.341775 ms  DeleteObjects: 0.126360 ms)

========================================================================
Received Prepare
Registering precompiled user dll's ...
Registered in 0.003401 seconds.
Begin MonoManager ReloadAssembly
Symbol file LoadedFromMemory doesn't match image /Users/Furzy/Library/Mobile Documents/com~apple~CloudDocs/Unity/Fighting/Library/PackageCache/com.unity.visualscripting@1.6.1/Editor/VisualScripting.Core/Dependencies/YamlDotNet/Unity.VisualScripting.YamlDotNet.dll
Symbol file LoadedFromMemory doesn't match image /Users/Furzy/Library/Mobile Documents/com~apple~CloudDocs/Unity/Fighting/Library/PackageCache/com.unity.visualscripting@1.6.1/Editor/VisualScripting.Core/Dependencies/DotNetZip/Unity.VisualScripting.IonicZip.dll
Native extension for OSXStandalone target not found
Refreshing native plugins compatible for Editor in 0.74 ms, found 2 plugins.
Preloading 0 native plugins for Editor in 0.00 ms.
Mono: successfully reloaded assembly
- Completed reload, in  1.752 seconds
Platform modules already initialized, skipping
Refreshing native plugins compatible for Editor in 1.36 ms, found 2 plugins.
Preloading 0 native plugins for Editor in 0.00 ms.
Unloading 3366 Unused Serialized files (Serialized files now loaded: 0)
System memory in use before: 241.7 MB.
System memory in use after: 241.8 MB.

Unloading 16 unused Assets to reduce memory usage. Loaded Objects now: 4179.
Total: 4.957656 ms (FindLiveObjects: 0.722635 ms CreateObjectMapping: 0.417454 ms MarkObjects: 3.656169 ms  DeleteObjects: 0.158735 ms)

========================================================================
Received Prepare
Registering precompiled user dll's ...
Registered in 0.002113 seconds.
Begin MonoManager ReloadAssembly
Symbol file LoadedFromMemory doesn't match image /Users/Furzy/Library/Mobile Documents/com~apple~CloudDocs/Unity/Fighting/Library/PackageCache/com.unity.visualscripting@1.6.1/Editor/VisualScripting.Core/Dependencies/YamlDotNet/Unity.VisualScripting.YamlDotNet.dll
Symbol file LoadedFromMemory doesn't match image /Users/Furzy/Library/Mobile Documents/com~apple~CloudDocs/Unity/Fighting/Library/PackageCache/com.unity.visualscripting@1.6.1/Editor/VisualScripting.Core/Dependencies/DotNetZip/Unity.VisualScripting.IonicZip.dll
Native extension for OSXStandalone target not found
Refreshing native plugins compatible for Editor in 0.69 ms, found 2 plugins.
Preloading 0 native plugins for Editor in 0.00 ms.
Mono: successfully reloaded assembly
- Completed reload, in  1.703 seconds
Platform modules already initialized, skipping
Refreshing native plugins compatible for Editor in 0.86 ms, found 2 plugins.
Preloading 0 native plugins for Editor in 0.00 ms.
Unloading 3366 Unused Serialized files (Serialized files now loaded: 0)
System memory in use before: 241.9 MB.
System memory in use after: 242.0 MB.

Unloading 16 unused Assets to reduce memory usage. Loaded Objects now: 4183.
Total: 4.193107 ms (FindLiveObjects: 0.463274 ms CreateObjectMapping: 0.276333 ms MarkObjects: 3.313012 ms  DeleteObjects: 0.139016 ms)

========================================================================
Received Prepare
Registering precompiled user dll's ...
Registered in 0.008447 seconds.
Begin MonoManager ReloadAssembly
Symbol file LoadedFromMemory doesn't match image /Users/Furzy/Library/Mobile Documents/com~apple~CloudDocs/Unity/Fighting/Library/PackageCache/com.unity.visualscripting@1.6.1/Editor/VisualScripting.Core/Dependencies/YamlDotNet/Unity.VisualScripting.YamlDotNet.dll
Symbol file LoadedFromMemory doesn't match image /Users/Furzy/Library/Mobile Documents/com~apple~CloudDocs/Unity/Fighting/Library/PackageCache/com.unity.visualscripting@1.6.1/Editor/VisualScripting.Core/Dependencies/DotNetZip/Unity.VisualScripting.IonicZip.dll
Native extension for OSXStandalone target not found
Refreshing native plugins compatible for Editor in 0.68 ms, found 2 plugins.
Preloading 0 native plugins for Editor in 0.00 ms.
Mono: successfully reloaded assembly
- Completed reload, in  2.009 seconds
Platform modules already initialized, skipping
Refreshing native plugins compatible for Editor in 0.87 ms, found 2 plugins.
Preloading 0 native plugins for Editor in 0.00 ms.
Unloading 3366 Unused Serialized files (Serialized files now loaded: 0)
System memory in use before: 242.1 MB.
System memory in use after: 242.2 MB.

Unloading 16 unused Assets to reduce memory usage. Loaded Objects now: 4187.
Total: 3.708900 ms (FindLiveObjects: 0.371442 ms CreateObjectMapping: 0.178976 ms MarkObjects: 3.027086 ms  DeleteObjects: 0.128949 ms)

========================================================================
Received Prepare
Registering precompiled user dll's ...
Registered in 0.002192 seconds.
Begin MonoManager ReloadAssembly
Symbol file LoadedFromMemory doesn't match image /Users/Furzy/Library/Mobile Documents/com~apple~CloudDocs/Unity/Fighting/Library/PackageCache/com.unity.visualscripting@1.6.1/Editor/VisualScripting.Core/Dependencies/YamlDotNet/Unity.VisualScripting.YamlDotNet.dll
Symbol file LoadedFromMemory doesn't match image /Users/Furzy/Library/Mobile Documents/com~apple~CloudDocs/Unity/Fighting/Library/PackageCache/com.unity.visualscripting@1.6.1/Editor/VisualScripting.Core/Dependencies/DotNetZip/Unity.VisualScripting.IonicZip.dll
Native extension for OSXStandalone target not found
Refreshing native plugins compatible for Editor in 0.77 ms, found 2 plugins.
Preloading 0 native plugins for Editor in 0.00 ms.
Mono: successfully reloaded assembly
- Completed reload, in  3.467 seconds
Platform modules already initialized, skipping
Refreshing native plugins compatible for Editor in 0.74 ms, found 2 plugins.
Preloading 0 native plugins for Editor in 0.00 ms.
Unloading 3366 Unused Serialized files (Serialized files now loaded: 0)
System memory in use before: 242.3 MB.
System memory in use after: 242.4 MB.

Unloading 16 unused Assets to reduce memory usage. Loaded Objects now: 4191.
Total: 4.167425 ms (FindLiveObjects: 0.459032 ms CreateObjectMapping: 0.371859 ms MarkObjects: 3.204818 ms  DeleteObjects: 0.130540 ms)

========================================================================
Received Prepare
Registering precompiled user dll's ...
Registered in 0.006193 seconds.
Begin MonoManager ReloadAssembly
Symbol file LoadedFromMemory doesn't match image /Users/Furzy/Library/Mobile Documents/com~apple~CloudDocs/Unity/Fighting/Library/PackageCache/com.unity.visualscripting@1.6.1/Editor/VisualScripting.Core/Dependencies/YamlDotNet/Unity.VisualScripting.YamlDotNet.dll
Symbol file LoadedFromMemory doesn't match image /Users/Furzy/Library/Mobile Documents/com~apple~CloudDocs/Unity/Fighting/Library/PackageCache/com.unity.visualscripting@1.6.1/Editor/VisualScripting.Core/Dependencies/DotNetZip/Unity.VisualScripting.IonicZip.dll
Native extension for OSXStandalone target not found
Refreshing native plugins compatible for Editor in 0.75 ms, found 2 plugins.
Preloading 0 native plugins for Editor in 0.00 ms.
Mono: successfully reloaded assembly
- Completed reload, in  2.361 seconds
Platform modules already initialized, skipping
Refreshing native plugins compatible for Editor in 0.74 ms, found 2 plugins.
Preloading 0 native plugins for Editor in 0.00 ms.
Unloading 3366 Unused Serialized files (Serialized files now loaded: 0)
System memory in use before: 242.5 MB.
System memory in use after: 242.7 MB.

Unloading 16 unused Assets to reduce memory usage. Loaded Objects now: 4195.
Total: 3.715163 ms (FindLiveObjects: 0.309542 ms CreateObjectMapping: 0.165337 ms MarkObjects: 3.107784 ms  DeleteObjects: 0.130903 ms)

========================================================================
Received Prepare
Registering precompiled user dll's ...
Registered in 0.002120 seconds.
Begin MonoManager ReloadAssembly
Symbol file LoadedFromMemory doesn't match image /Users/Furzy/Library/Mobile Documents/com~apple~CloudDocs/Unity/Fighting/Library/PackageCache/com.unity.visualscripting@1.6.1/Editor/VisualScripting.Core/Dependencies/YamlDotNet/Unity.VisualScripting.YamlDotNet.dll
Symbol file LoadedFromMemory doesn't match image /Users/Furzy/Library/Mobile Documents/com~apple~CloudDocs/Unity/Fighting/Library/PackageCache/com.unity.visualscripting@1.6.1/Editor/VisualScripting.Core/Dependencies/DotNetZip/Unity.VisualScripting.IonicZip.dll
Native extension for OSXStandalone target not found
Refreshing native plugins compatible for Editor in 1.38 ms, found 2 plugins.
Preloading 0 native plugins for Editor in 0.00 ms.
Mono: successfully reloaded assembly
- Completed reload, in  1.975 seconds
Platform modules already initialized, skipping
Refreshing native plugins compatible for Editor in 0.91 ms, found 2 plugins.
Preloading 0 native plugins for Editor in 0.00 ms.
Unloading 3366 Unused Serialized files (Serialized files now loaded: 0)
System memory in use before: 242.9 MB.
System memory in use after: 243.0 MB.

Unloading 16 unused Assets to reduce memory usage. Loaded Objects now: 4199.
Total: 4.186162 ms (FindLiveObjects: 0.379516 ms CreateObjectMapping: 0.217855 ms MarkObjects: 3.442164 ms  DeleteObjects: 0.145295 ms)

========================================================================
Received Prepare
Registering precompiled user dll's ...
Registered in 0.006309 seconds.
Begin MonoManager ReloadAssembly
Symbol file LoadedFromMemory doesn't match image /Users/Furzy/Library/Mobile Documents/com~apple~CloudDocs/Unity/Fighting/Library/PackageCache/com.unity.visualscripting@1.6.1/Editor/VisualScripting.Core/Dependencies/YamlDotNet/Unity.VisualScripting.YamlDotNet.dll
Symbol file LoadedFromMemory doesn't match image /Users/Furzy/Library/Mobile Documents/com~apple~CloudDocs/Unity/Fighting/Library/PackageCache/com.unity.visualscripting@1.6.1/Editor/VisualScripting.Core/Dependencies/DotNetZip/Unity.VisualScripting.IonicZip.dll
Native extension for OSXStandalone target not found
Refreshing native plugins compatible for Editor in 0.72 ms, found 2 plugins.
Preloading 0 native plugins for Editor in 0.00 ms.
Mono: successfully reloaded assembly
- Completed reload, in  1.923 seconds
Platform modules already initialized, skipping
Refreshing native plugins compatible for Editor in 1.43 ms, found 2 plugins.
Preloading 0 native plugins for Editor in 0.00 ms.
Unloading 3366 Unused Serialized files (Serialized files now loaded: 0)
System memory in use before: 243.1 MB.
System memory in use after: 243.2 MB.

Unloading 16 unused Assets to reduce memory usage. Loaded Objects now: 4203.
Total: 5.444925 ms (FindLiveObjects: 0.741818 ms CreateObjectMapping: 0.497750 ms MarkObjects: 4.018798 ms  DeleteObjects: 0.184542 ms)

========================================================================
Received Prepare
Registering precompiled user dll's ...
Registered in 0.002265 seconds.
Begin MonoManager ReloadAssembly
Symbol file LoadedFromMemory doesn't match image /Users/Furzy/Library/Mobile Documents/com~apple~CloudDocs/Unity/Fighting/Library/PackageCache/com.unity.visualscripting@1.6.1/Editor/VisualScripting.Core/Dependencies/YamlDotNet/Unity.VisualScripting.YamlDotNet.dll
Symbol file LoadedFromMemory doesn't match image /Users/Furzy/Library/Mobile Documents/com~apple~CloudDocs/Unity/Fighting/Library/PackageCache/com.unity.visualscripting@1.6.1/Editor/VisualScripting.Core/Dependencies/DotNetZip/Unity.VisualScripting.IonicZip.dll
Native extension for OSXStandalone target not found
Refreshing native plugins compatible for Editor in 0.75 ms, found 2 plugins.
Preloading 0 native plugins for Editor in 0.00 ms.
Mono: successfully reloaded assembly
- Completed reload, in  1.874 seconds
Platform modules already initialized, skipping
Refreshing native plugins compatible for Editor in 0.79 ms, found 2 plugins.
Preloading 0 native plugins for Editor in 0.00 ms.
Unloading 3366 Unused Serialized files (Serialized files now loaded: 0)
System memory in use before: 243.3 MB.
System memory in use after: 243.4 MB.

Unloading 16 unused Assets to reduce memory usage. Loaded Objects now: 4207.
Total: 5.900681 ms (FindLiveObjects: 0.461717 ms CreateObjectMapping: 0.191256 ms MarkObjects: 5.065991 ms  DeleteObjects: 0.179733 ms)

========================================================================
Received Prepare
Registering precompiled user dll's ...
Registered in 0.002478 seconds.
Begin MonoManager ReloadAssembly
Symbol file LoadedFromMemory doesn't match image /Users/Furzy/Library/Mobile Documents/com~apple~CloudDocs/Unity/Fighting/Library/PackageCache/com.unity.visualscripting@1.6.1/Editor/VisualScripting.Core/Dependencies/YamlDotNet/Unity.VisualScripting.YamlDotNet.dll
Symbol file LoadedFromMemory doesn't match image /Users/Furzy/Library/Mobile Documents/com~apple~CloudDocs/Unity/Fighting/Library/PackageCache/com.unity.visualscripting@1.6.1/Editor/VisualScripting.Core/Dependencies/DotNetZip/Unity.VisualScripting.IonicZip.dll
Native extension for OSXStandalone target not found
Refreshing native plugins compatible for Editor in 0.71 ms, found 2 plugins.
Preloading 0 native plugins for Editor in 0.00 ms.
Mono: successfully reloaded assembly
- Completed reload, in  1.665 seconds
Platform modules already initialized, skipping
Refreshing native plugins compatible for Editor in 1.09 ms, found 2 plugins.
Preloading 0 native plugins for Editor in 0.00 ms.
Unloading 3366 Unused Serialized files (Serialized files now loaded: 0)
System memory in use before: 243.5 MB.
System memory in use after: 243.6 MB.

Unloading 16 unused Assets to reduce memory usage. Loaded Objects now: 4211.
Total: 3.965426 ms (FindLiveObjects: 0.400735 ms CreateObjectMapping: 0.180140 ms MarkObjects: 3.256197 ms  DeleteObjects: 0.126590 ms)

========================================================================
Received Import Request.
  Time since last request: 2008.633555 seconds.
  path: Assets/Animations/Takuma/IDLE_Loop.cs
  artifactKey: Guid(6b4dec07c5f304a5fa3c25098476343d) Importer(815301076,1909f56bfc062723c751e8b465ee728b)
Start importing Assets/Animations/Takuma/IDLE_Loop.cs using Guid(6b4dec07c5f304a5fa3c25098476343d) Importer(815301076,1909f56bfc062723c751e8b465ee728b)  -> (artifact id: 'f992113776105bfd5a636300025a6809') in 0.653718 seconds 
========================================================================
Received Import Request.
  Time since last request: 6.785024 seconds.
  path: Assets/Animations/Takuma/Takuma_IDLE_Loop.cs
  artifactKey: Guid(6b4dec07c5f304a5fa3c25098476343d) Importer(815301076,1909f56bfc062723c751e8b465ee728b)
Start importing Assets/Animations/Takuma/Takuma_IDLE_Loop.cs using Guid(6b4dec07c5f304a5fa3c25098476343d) Importer(815301076,1909f56bfc062723c751e8b465ee728b)  -> (artifact id: '6504dedbb601f54a634dedc302f7e592') in 0.013375 seconds 
========================================================================
Received Prepare
Registering precompiled user dll's ...
Registered in 0.004325 seconds.
Begin MonoManager ReloadAssembly
Symbol file LoadedFromMemory doesn't match image /Users/Furzy/Library/Mobile Documents/com~apple~CloudDocs/Unity/Fighting/Library/PackageCache/com.unity.visualscripting@1.6.1/Editor/VisualScripting.Core/Dependencies/YamlDotNet/Unity.VisualScripting.YamlDotNet.dll
Symbol file LoadedFromMemory doesn't match image /Users/Furzy/Library/Mobile Documents/com~apple~CloudDocs/Unity/Fighting/Library/PackageCache/com.unity.visualscripting@1.6.1/Editor/VisualScripting.Core/Dependencies/DotNetZip/Unity.VisualScripting.IonicZip.dll
Native extension for OSXStandalone target not found
Refreshing native plugins compatible for Editor in 1.50 ms, found 2 plugins.
Preloading 0 native plugins for Editor in 0.00 ms.
Mono: successfully reloaded assembly
- Completed reload, in  1.913 seconds
Platform modules already initialized, skipping
Refreshing native plugins compatible for Editor in 1.32 ms, found 2 plugins.
Preloading 0 native plugins for Editor in 0.00 ms.
Unloading 3367 Unused Serialized files (Serialized files now loaded: 0)
System memory in use before: 248.1 MB.
System memory in use after: 248.2 MB.

Unloading 16 unused Assets to reduce memory usage. Loaded Objects now: 4216.
Total: 6.806631 ms (FindLiveObjects: 0.625456 ms CreateObjectMapping: 0.461220 ms MarkObjects: 5.521514 ms  DeleteObjects: 0.196605 ms)

========================================================================
Received Import Request.
  Time since last request: 117.838974 seconds.
  path: Assets/Animations/Takuma/Takuma_IDLE_Loop.cs
  artifactKey: Guid(6b4dec07c5f304a5fa3c25098476343d) Importer(815301076,1909f56bfc062723c751e8b465ee728b)
Start importing Assets/Animations/Takuma/Takuma_IDLE_Loop.cs using Guid(6b4dec07c5f304a5fa3c25098476343d) Importer(815301076,1909f56bfc062723c751e8b465ee728b)  -> (artifact id: 'c3c97744325347e762446328457a381e') in 0.024287 seconds 
========================================================================
Received Prepare
Registering precompiled user dll's ...
Registered in 0.055445 seconds.
Begin MonoManager ReloadAssembly
Symbol file LoadedFromMemory doesn't match image /Users/Furzy/Library/Mobile Documents/com~apple~CloudDocs/Unity/Fighting/Library/PackageCache/com.unity.visualscripting@1.6.1/Editor/VisualScripting.Core/Dependencies/YamlDotNet/Unity.VisualScripting.YamlDotNet.dll
Symbol file LoadedFromMemory doesn't match image /Users/Furzy/Library/Mobile Documents/com~apple~CloudDocs/Unity/Fighting/Library/PackageCache/com.unity.visualscripting@1.6.1/Editor/VisualScripting.Core/Dependencies/DotNetZip/Unity.VisualScripting.IonicZip.dll
Native extension for OSXStandalone target not found
Refreshing native plugins compatible for Editor in 1.69 ms, found 2 plugins.
Preloading 0 native plugins for Editor in 0.00 ms.
Mono: successfully reloaded assembly
- Completed reload, in  3.340 seconds
Platform modules already initialized, skipping
Refreshing native plugins compatible for Editor in 2.04 ms, found 2 plugins.
Preloading 0 native plugins for Editor in 0.00 ms.
Unloading 3367 Unused Serialized files (Serialized files now loaded: 0)
System memory in use before: 248.3 MB.
System memory in use after: 248.5 MB.

Unloading 16 unused Assets to reduce memory usage. Loaded Objects now: 4220.
Total: 5.296110 ms (FindLiveObjects: 0.336936 ms CreateObjectMapping: 0.169491 ms MarkObjects: 4.571845 ms  DeleteObjects: 0.215826 ms)

========================================================================
Received Prepare
Registering precompiled user dll's ...
Registered in 0.003435 seconds.
Begin MonoManager ReloadAssembly
Symbol file LoadedFromMemory doesn't match image /Users/Furzy/Library/Mobile Documents/com~apple~CloudDocs/Unity/Fighting/Library/PackageCache/com.unity.visualscripting@1.6.1/Editor/VisualScripting.Core/Dependencies/YamlDotNet/Unity.VisualScripting.YamlDotNet.dll
Symbol file LoadedFromMemory doesn't match image /Users/Furzy/Library/Mobile Documents/com~apple~CloudDocs/Unity/Fighting/Library/PackageCache/com.unity.visualscripting@1.6.1/Editor/VisualScripting.Core/Dependencies/DotNetZip/Unity.VisualScripting.IonicZip.dll
Native extension for OSXStandalone target not found
Refreshing native plugins compatible for Editor in 1.23 ms, found 2 plugins.
Preloading 0 native plugins for Editor in 0.00 ms.
Mono: successfully reloaded assembly
- Completed reload, in  3.169 seconds
Platform modules already initialized, skipping
Refreshing native plugins compatible for Editor in 1.58 ms, found 2 plugins.
Preloading 0 native plugins for Editor in 0.00 ms.
Unloading 3367 Unused Serialized files (Serialized files now loaded: 0)
System memory in use before: 248.5 MB.
System memory in use after: 248.7 MB.

Unloading 16 unused Assets to reduce memory usage. Loaded Objects now: 4224.
Total: 10.187544 ms (FindLiveObjects: 3.399516 ms CreateObjectMapping: 0.394231 ms MarkObjects: 6.171126 ms  DeleteObjects: 0.217422 ms)

========================================================================
Received Prepare
Registering precompiled user dll's ...
Registered in 0.007918 seconds.
Begin MonoManager ReloadAssembly
Symbol file LoadedFromMemory doesn't match image /Users/Furzy/Library/Mobile Documents/com~apple~CloudDocs/Unity/Fighting/Library/PackageCache/com.unity.visualscripting@1.6.1/Editor/VisualScripting.Core/Dependencies/YamlDotNet/Unity.VisualScripting.YamlDotNet.dll
Symbol file LoadedFromMemory doesn't match image /Users/Furzy/Library/Mobile Documents/com~apple~CloudDocs/Unity/Fighting/Library/PackageCache/com.unity.visualscripting@1.6.1/Editor/VisualScripting.Core/Dependencies/DotNetZip/Unity.VisualScripting.IonicZip.dll
Native extension for OSXStandalone target not found
Refreshing native plugins compatible for Editor in 0.73 ms, found 2 plugins.
Preloading 0 native plugins for Editor in 0.00 ms.
Mono: successfully reloaded assembly
- Completed reload, in  3.000 seconds
Platform modules already initialized, skipping
Refreshing native plugins compatible for Editor in 1.25 ms, found 2 plugins.
Preloading 0 native plugins for Editor in 0.00 ms.
Unloading 3367 Unused Serialized files (Serialized files now loaded: 0)
System memory in use before: 248.8 MB.
System memory in use after: 248.9 MB.

Unloading 16 unused Assets to reduce memory usage. Loaded Objects now: 4228.
Total: 5.841392 ms (FindLiveObjects: 0.372197 ms CreateObjectMapping: 0.353545 ms MarkObjects: 4.571176 ms  DeleteObjects: 0.542804 ms)

========================================================================
Received Prepare
Registering precompiled user dll's ...
Registered in 0.004300 seconds.
Begin MonoManager ReloadAssembly
Symbol file LoadedFromMemory doesn't match image /Users/Furzy/Library/Mobile Documents/com~apple~CloudDocs/Unity/Fighting/Library/PackageCache/com.unity.visualscripting@1.6.1/Editor/VisualScripting.Core/Dependencies/YamlDotNet/Unity.VisualScripting.YamlDotNet.dll
Symbol file LoadedFromMemory doesn't match image /Users/Furzy/Library/Mobile Documents/com~apple~CloudDocs/Unity/Fighting/Library/PackageCache/com.unity.visualscripting@1.6.1/Editor/VisualScripting.Core/Dependencies/DotNetZip/Unity.VisualScripting.IonicZip.dll
Native extension for OSXStandalone target not found
Refreshing native plugins compatible for Editor in 1.39 ms, found 2 plugins.
Preloading 0 native plugins for Editor in 0.00 ms.
Mono: successfully reloaded assembly
- Completed reload, in  3.946 seconds
Platform modules already initialized, skipping
Refreshing native plugins compatible for Editor in 2.21 ms, found 2 plugins.
Preloading 0 native plugins for Editor in 0.00 ms.
Unloading 3367 Unused Serialized files (Serialized files now loaded: 0)
System memory in use before: 249.0 MB.
System memory in use after: 249.1 MB.

Unloading 16 unused Assets to reduce memory usage. Loaded Objects now: 4232.
Total: 7.094428 ms (FindLiveObjects: 0.537708 ms CreateObjectMapping: 0.223611 ms MarkObjects: 6.147922 ms  DeleteObjects: 0.182983 ms)

========================================================================
Received Prepare
Registering precompiled user dll's ...
Registered in 0.004532 seconds.
Begin MonoManager ReloadAssembly
Symbol file LoadedFromMemory doesn't match image /Users/Furzy/Library/Mobile Documents/com~apple~CloudDocs/Unity/Fighting/Library/PackageCache/com.unity.visualscripting@1.6.1/Editor/VisualScripting.Core/Dependencies/YamlDotNet/Unity.VisualScripting.YamlDotNet.dll
Symbol file LoadedFromMemory doesn't match image /Users/Furzy/Library/Mobile Documents/com~apple~CloudDocs/Unity/Fighting/Library/PackageCache/com.unity.visualscripting@1.6.1/Editor/VisualScripting.Core/Dependencies/DotNetZip/Unity.VisualScripting.IonicZip.dll
Native extension for OSXStandalone target not found
Refreshing native plugins compatible for Editor in 1.33 ms, found 2 plugins.
Preloading 0 native plugins for Editor in 0.00 ms.
Mono: successfully reloaded assembly
- Completed reload, in  3.527 seconds
Platform modules already initialized, skipping
Refreshing native plugins compatible for Editor in 1.29 ms, found 2 plugins.
Preloading 0 native plugins for Editor in 0.00 ms.
Unloading 3367 Unused Serialized files (Serialized files now loaded: 0)
System memory in use before: 249.2 MB.
System memory in use after: 249.3 MB.

Unloading 16 unused Assets to reduce memory usage. Loaded Objects now: 4236.
Total: 11.291180 ms (FindLiveObjects: 3.026868 ms CreateObjectMapping: 1.015621 ms MarkObjects: 6.989985 ms  DeleteObjects: 0.256258 ms)

========================================================================
Received Prepare
Registering precompiled user dll's ...
Registered in 0.003173 seconds.
Begin MonoManager ReloadAssembly
Symbol file LoadedFromMemory doesn't match image /Users/Furzy/Library/Mobile Documents/com~apple~CloudDocs/Unity/Fighting/Library/PackageCache/com.unity.visualscripting@1.6.1/Editor/VisualScripting.Core/Dependencies/YamlDotNet/Unity.VisualScripting.YamlDotNet.dll
Symbol file LoadedFromMemory doesn't match image /Users/Furzy/Library/Mobile Documents/com~apple~CloudDocs/Unity/Fighting/Library/PackageCache/com.unity.visualscripting@1.6.1/Editor/VisualScripting.Core/Dependencies/DotNetZip/Unity.VisualScripting.IonicZip.dll
Native extension for OSXStandalone target not found
Refreshing native plugins compatible for Editor in 1.26 ms, found 2 plugins.
Preloading 0 native plugins for Editor in 0.00 ms.
Mono: successfully reloaded assembly
- Completed reload, in  3.556 seconds
Platform modules already initialized, skipping
Refreshing native plugins compatible for Editor in 1.53 ms, found 2 plugins.
Preloading 0 native plugins for Editor in 0.00 ms.
Unloading 3367 Unused Serialized files (Serialized files now loaded: 0)
System memory in use before: 249.4 MB.
System memory in use after: 249.5 MB.

Unloading 16 unused Assets to reduce memory usage. Loaded Objects now: 4240.
Total: 5.955120 ms (FindLiveObjects: 0.369634 ms CreateObjectMapping: 0.199181 ms MarkObjects: 5.179032 ms  DeleteObjects: 0.204806 ms)

========================================================================
Received Prepare
Registering precompiled user dll's ...
Registered in 0.005323 seconds.
Begin MonoManager ReloadAssembly
Symbol file LoadedFromMemory doesn't match image /Users/Furzy/Library/Mobile Documents/com~apple~CloudDocs/Unity/Fighting/Library/PackageCache/com.unity.visualscripting@1.6.1/Editor/VisualScripting.Core/Dependencies/YamlDotNet/Unity.VisualScripting.YamlDotNet.dll
Symbol file LoadedFromMemory doesn't match image /Users/Furzy/Library/Mobile Documents/com~apple~CloudDocs/Unity/Fighting/Library/PackageCache/com.unity.visualscripting@1.6.1/Editor/VisualScripting.Core/Dependencies/DotNetZip/Unity.VisualScripting.IonicZip.dll
Native extension for OSXStandalone target not found
Refreshing native plugins compatible for Editor in 1.04 ms, found 2 plugins.
Preloading 0 native plugins for Editor in 0.00 ms.
Mono: successfully reloaded assembly
- Completed reload, in  2.345 seconds
Platform modules already initialized, skipping
Refreshing native plugins compatible for Editor in 0.84 ms, found 2 plugins.
Preloading 0 native plugins for Editor in 0.00 ms.
Unloading 3367 Unused Serialized files (Serialized files now loaded: 0)
System memory in use before: 249.6 MB.
System memory in use after: 249.7 MB.

Unloading 16 unused Assets to reduce memory usage. Loaded Objects now: 4244.
Total: 6.419220 ms (FindLiveObjects: 1.138264 ms CreateObjectMapping: 0.362779 ms MarkObjects: 4.726663 ms  DeleteObjects: 0.189525 ms)

========================================================================
Received Import Request.
  Time since last request: 456.814049 seconds.
  path: Assets/Animations/Takuma/Takuma_IDLE_Loop.cs
  artifactKey: Guid(6b4dec07c5f304a5fa3c25098476343d) Importer(815301076,1909f56bfc062723c751e8b465ee728b)
Start importing Assets/Animations/Takuma/Takuma_IDLE_Loop.cs using Guid(6b4dec07c5f304a5fa3c25098476343d) Importer(815301076,1909f56bfc062723c751e8b465ee728b)  -> (artifact id: '5b3459832c249673c2d8cb116841b089') in 0.014676 seconds 
========================================================================
Received Prepare
Registering precompiled user dll's ...
Registered in 0.003396 seconds.
Begin MonoManager ReloadAssembly
Symbol file LoadedFromMemory doesn't match image /Users/Furzy/Library/Mobile Documents/com~apple~CloudDocs/Unity/Fighting/Library/PackageCache/com.unity.visualscripting@1.6.1/Editor/VisualScripting.Core/Dependencies/YamlDotNet/Unity.VisualScripting.YamlDotNet.dll
Symbol file LoadedFromMemory doesn't match image /Users/Furzy/Library/Mobile Documents/com~apple~CloudDocs/Unity/Fighting/Library/PackageCache/com.unity.visualscripting@1.6.1/Editor/VisualScripting.Core/Dependencies/DotNetZip/Unity.VisualScripting.IonicZip.dll
Native extension for OSXStandalone target not found
Refreshing native plugins compatible for Editor in 1.43 ms, found 2 plugins.
Preloading 0 native plugins for Editor in 0.00 ms.
Mono: successfully reloaded assembly
- Completed reload, in  3.543 seconds
Platform modules already initialized, skipping
Refreshing native plugins compatible for Editor in 1.43 ms, found 2 plugins.
Preloading 0 native plugins for Editor in 0.00 ms.
Unloading 3367 Unused Serialized files (Serialized files now loaded: 0)
System memory in use before: 249.8 MB.
System memory in use after: 250.0 MB.

Unloading 16 unused Assets to reduce memory usage. Loaded Objects now: 4248.
Total: 6.630936 ms (FindLiveObjects: 0.601937 ms CreateObjectMapping: 0.379251 ms MarkObjects: 5.457443 ms  DeleteObjects: 0.190461 ms)

========================================================================
Received Import Request.
  Time since last request: 47.049092 seconds.
  path: Assets/Animations/Takuma/Takuma_IDLE_Loop.cs
  artifactKey: Guid(6b4dec07c5f304a5fa3c25098476343d) Importer(815301076,1909f56bfc062723c751e8b465ee728b)
Start importing Assets/Animations/Takuma/Takuma_IDLE_Loop.cs using Guid(6b4dec07c5f304a5fa3c25098476343d) Importer(815301076,1909f56bfc062723c751e8b465ee728b)  -> (artifact id: 'e925bab04294c7830f33fc32c051db43') in 0.011584 seconds 
========================================================================
Received Prepare
Registering precompiled user dll's ...
Registered in 0.001960 seconds.
Begin MonoManager ReloadAssembly
Symbol file LoadedFromMemory doesn't match image /Users/Furzy/Library/Mobile Documents/com~apple~CloudDocs/Unity/Fighting/Library/PackageCache/com.unity.visualscripting@1.6.1/Editor/VisualScripting.Core/Dependencies/YamlDotNet/Unity.VisualScripting.YamlDotNet.dll
Symbol file LoadedFromMemory doesn't match image /Users/Furzy/Library/Mobile Documents/com~apple~CloudDocs/Unity/Fighting/Library/PackageCache/com.unity.visualscripting@1.6.1/Editor/VisualScripting.Core/Dependencies/DotNetZip/Unity.VisualScripting.IonicZip.dll
Native extension for OSXStandalone target not found
Refreshing native plugins compatible for Editor in 0.86 ms, found 2 plugins.
Preloading 0 native plugins for Editor in 0.00 ms.
Mono: successfully reloaded assembly
- Completed reload, in  2.292 seconds
Platform modules already initialized, skipping
Refreshing native plugins compatible for Editor in 1.22 ms, found 2 plugins.
Preloading 0 native plugins for Editor in 0.00 ms.
Unloading 3367 Unused Serialized files (Serialized files now loaded: 0)
System memory in use before: 250.0 MB.
System memory in use after: 250.2 MB.

Unloading 16 unused Assets to reduce memory usage. Loaded Objects now: 4252.
Total: 8.801905 ms (FindLiveObjects: 0.601082 ms CreateObjectMapping: 0.592551 ms MarkObjects: 7.412807 ms  DeleteObjects: 0.193697 ms)

========================================================================
Received Prepare
Registering precompiled user dll's ...
Registered in 0.005198 seconds.
Begin MonoManager ReloadAssembly
Symbol file LoadedFromMemory doesn't match image /Users/Furzy/Library/Mobile Documents/com~apple~CloudDocs/Unity/Fighting/Library/PackageCache/com.unity.visualscripting@1.6.1/Editor/VisualScripting.Core/Dependencies/YamlDotNet/Unity.VisualScripting.YamlDotNet.dll
Symbol file LoadedFromMemory doesn't match image /Users/Furzy/Library/Mobile Documents/com~apple~CloudDocs/Unity/Fighting/Library/PackageCache/com.unity.visualscripting@1.6.1/Editor/VisualScripting.Core/Dependencies/DotNetZip/Unity.VisualScripting.IonicZip.dll
Native extension for OSXStandalone target not found
Refreshing native plugins compatible for Editor in 1.36 ms, found 2 plugins.
Preloading 0 native plugins for Editor in 0.00 ms.
Mono: successfully reloaded assembly
- Completed reload, in  3.602 seconds
Platform modules already initialized, skipping
Refreshing native plugins compatible for Editor in 1.25 ms, found 2 plugins.
Preloading 0 native plugins for Editor in 0.00 ms.
Unloading 3367 Unused Serialized files (Serialized files now loaded: 0)
System memory in use before: 250.3 MB.
System memory in use after: 250.4 MB.

Unloading 16 unused Assets to reduce memory usage. Loaded Objects now: 4256.
Total: 13.254843 ms (FindLiveObjects: 7.004335 ms CreateObjectMapping: 0.977959 ms MarkObjects: 5.071363 ms  DeleteObjects: 0.198186 ms)

